<?xml version="1.0" encoding="UTF-8"?>
<!-- Generated by org.testng.reporters.JUnitXMLReporter -->
<testsuite ignored="0" hostname="DESKTOP-F280F2S" failures="0" tests="3" name="Default test" time="2.815" errors="0" timestamp="2022-10-10T17:33:00 IST">
  <testcase classname="Basics.DynamicJson" name="addBook" time="2.299"/>
  <testcase classname="Basics.DynamicJson" name="addBook" time="0.201"/>
  <testcase classname="Basics.DynamicJson" name="addBook" time="0.218"/>
</testsuite> <!-- Default test -->
