<?xml version="1.0" encoding="UTF-8"?>
<testng-results ignored="0" total="3" passed="3" failed="0" skipped="0">
  <reporter-output>
  </reporter-output>
  <suite started-at="2022-10-10T17:32:57 IST" name="Default suite" finished-at="2022-10-10T17:33:00 IST" duration-ms="2815">
    <groups>
    </groups>
    <test started-at="2022-10-10T17:32:57 IST" name="Default test" finished-at="2022-10-10T17:33:00 IST" duration-ms="2815">
      <class name="Basics.DynamicJson">
        <test-method signature="addBook(java.lang.String,java.lang.String)[pri:0, instance:Basics.DynamicJson@76c3e77a]" started-at="2022-10-10T17:32:57 IST" name="addBook" data-provider="BooksData" finished-at="2022-10-10T17:33:00 IST" duration-ms="2299" status="PASS">
          <params>
            <param index="0">
              <value>
                <![CDATA[oftjy]]>
              </value>
            </param>
            <param index="1">
              <value>
                <![CDATA[9363]]>
              </value>
            </param>
          </params>
          <reporter-output>
          </reporter-output>
        </test-method> <!-- addBook -->
        <test-method signature="addBook(java.lang.String,java.lang.String)[pri:0, instance:Basics.DynamicJson@76c3e77a]" started-at="2022-10-10T17:33:00 IST" name="addBook" data-provider="BooksData" finished-at="2022-10-10T17:33:00 IST" duration-ms="201" status="PASS">
          <params>
            <param index="0">
              <value>
                <![CDATA[zjfkhv]]>
              </value>
            </param>
            <param index="1">
              <value>
                <![CDATA[2326]]>
              </value>
            </param>
          </params>
          <reporter-output>
          </reporter-output>
        </test-method> <!-- addBook -->
        <test-method signature="addBook(java.lang.String,java.lang.String)[pri:0, instance:Basics.DynamicJson@76c3e77a]" started-at="2022-10-10T17:33:00 IST" name="addBook" data-provider="BooksData" finished-at="2022-10-10T17:33:00 IST" duration-ms="218" status="PASS">
          <params>
            <param index="0">
              <value>
                <![CDATA[sjhg]]>
              </value>
            </param>
            <param index="1">
              <value>
                <![CDATA[1234]]>
              </value>
            </param>
          </params>
          <reporter-output>
          </reporter-output>
        </test-method> <!-- addBook -->
      </class> <!-- Basics.DynamicJson -->
    </test> <!-- Default test -->
  </suite> <!-- Default suite -->
</testng-results>
